#! /c/Source/iverilog-install/bin/vvp
:ivl_version "12.0 (devel)" "(s20150603-1539-g2693dd32b)";
:ivl_delay_selection "TYPICAL";
:vpi_time_precision + 0;
:vpi_module "C:\iverilog\lib\ivl\system.vpi";
:vpi_module "C:\iverilog\lib\ivl\vhdl_sys.vpi";
:vpi_module "C:\iverilog\lib\ivl\vhdl_textio.vpi";
:vpi_module "C:\iverilog\lib\ivl\v2005_math.vpi";
:vpi_module "C:\iverilog\lib\ivl\va_math.vpi";
:vpi_module "C:\iverilog\lib\ivl\v2009.vpi";
S_000002084de05530 .scope package, "$unit" "$unit" 2 1;
 .timescale 0 0;
S_000002084de056c0 .scope module, "tb_tristate" "tb_tristate" 3 1;
 .timescale 0 0;
v000002084de04610_0 .var "en", 0 0;
v000002084de046b0_0 .var "x", 0 0;
v000002084de04750_0 .net "y", 0 0, v000002084de04570_0;  1 drivers
S_000002084ddd2d20 .scope module, "tri_g" "tristate" 3 6, 4 1 0, S_000002084de056c0;
 .timescale 0 0;
    .port_info 0 /INPUT 1 "x";
    .port_info 1 /OUTPUT 1 "y";
    .port_info 2 /INPUT 1 "en";
v000002084de05850_0 .net "en", 0 0, v000002084de04610_0;  1 drivers
v000002084de058f0_0 .net "x", 0 0, v000002084de046b0_0;  1 drivers
v000002084de04570_0 .var "y", 0 0;
E_000002084ddbccd0 .event anyedge, v000002084de05850_0, v000002084de058f0_0;
    .scope S_000002084ddd2d20;
T_0 ;
    %wait E_000002084ddbccd0;
    %load/vec4 v000002084de05850_0;
    %pad/u 32;
    %cmpi/e 0, 0, 32;
    %jmp/0xz  T_0.0, 4;
    %pushi/vec4 0, 1, 1;
    %store/vec4 v000002084de04570_0, 0, 1;
    %jmp T_0.1;
T_0.0 ;
    %load/vec4 v000002084de058f0_0;
    %store/vec4 v000002084de04570_0, 0, 1;
T_0.1 ;
    %jmp T_0;
    .thread T_0, $push;
    .scope S_000002084de056c0;
T_1 ;
    %vpi_call/w 3 9 "$dumpfile", "tb_tristate.vcd" {0 0 0};
    %vpi_call/w 3 10 "$dumpvars", 32'sb00000000000000000000000000000000, S_000002084de056c0 {0 0 0};
    %end;
    .thread T_1;
    .scope S_000002084de056c0;
T_2 ;
    %vpi_call/w 3 14 "$monitor", "Time: %0t | x: %h | y: %h | en: %h", $time, v000002084de046b0_0, v000002084de04750_0, v000002084de04610_0 {0 0 0};
    %pushi/vec4 0, 0, 1;
    %store/vec4 v000002084de046b0_0, 0, 1;
    %pushi/vec4 0, 0, 1;
    %store/vec4 v000002084de04610_0, 0, 1;
    %delay 2, 0;
    %pushi/vec4 0, 0, 1;
    %store/vec4 v000002084de046b0_0, 0, 1;
    %pushi/vec4 1, 0, 1;
    %store/vec4 v000002084de04610_0, 0, 1;
    %delay 2, 0;
    %pushi/vec4 1, 0, 1;
    %store/vec4 v000002084de046b0_0, 0, 1;
    %pushi/vec4 0, 0, 1;
    %store/vec4 v000002084de04610_0, 0, 1;
    %delay 2, 0;
    %pushi/vec4 1, 0, 1;
    %store/vec4 v000002084de046b0_0, 0, 1;
    %pushi/vec4 1, 0, 1;
    %store/vec4 v000002084de04610_0, 0, 1;
    %delay 10, 0;
    %vpi_call/w 3 37 "$finish", 32'sb00000000000000000000000000000010 {0 0 0};
    %end;
    .thread T_2;
# The file index is used to find the file name in the following table.
:file_names 5;
    "N/A";
    "<interactive>";
    "-";
    "tb_tristate.v";
    "tristate.v";
