#! /c/Source/iverilog-install/bin/vvp
:ivl_version "12.0 (devel)" "(s20150603-1539-g2693dd32b)";
:ivl_delay_selection "TYPICAL";
:vpi_time_precision + 0;
:vpi_module "C:\iverilog\lib\ivl\system.vpi";
:vpi_module "C:\iverilog\lib\ivl\vhdl_sys.vpi";
:vpi_module "C:\iverilog\lib\ivl\vhdl_textio.vpi";
:vpi_module "C:\iverilog\lib\ivl\v2005_math.vpi";
:vpi_module "C:\iverilog\lib\ivl\va_math.vpi";
:vpi_module "C:\iverilog\lib\ivl\v2009.vpi";
S_00000212df55a060 .scope package, "$unit" "$unit" 2 1;
 .timescale 0 0;
S_00000212df55a1f0 .scope module, "tb_XOR" "tb_XOR" 3 1;
 .timescale 0 0;
v00000212df55c520_0 .var "x", 0 0;
v00000212df5a5230_0 .var "y", 0 0;
v00000212df5a52d0_0 .net "z", 0 0, L_00000212df55c5c0;  1 drivers
S_00000212df5a50a0 .scope module, "XOR_gate" "XOR_G" 3 6, 4 1 0, S_00000212df55a1f0;
 .timescale 0 0;
    .port_info 0 /INPUT 1 "x";
    .port_info 1 /INPUT 1 "y";
    .port_info 2 /OUTPUT 1 "z";
L_00000212df55c5c0 .functor XOR 1, v00000212df55c520_0, v00000212df5a5230_0, C4<0>, C4<0>;
v00000212df55a380_0 .net "x", 0 0, v00000212df55c520_0;  1 drivers
v00000212df573120_0 .net "y", 0 0, v00000212df5a5230_0;  1 drivers
v00000212df55c480_0 .net "z", 0 0, L_00000212df55c5c0;  alias, 1 drivers
    .scope S_00000212df55a1f0;
T_0 ;
    %vpi_call/w 3 9 "$dumpfile", "tb_XOR.vcd" {0 0 0};
    %vpi_call/w 3 10 "$dumpvars", 32'sb00000000000000000000000000000000, S_00000212df55a1f0 {0 0 0};
    %end;
    .thread T_0;
    .scope S_00000212df55a1f0;
T_1 ;
    %vpi_call/w 3 14 "$monitor", "Time: %0t | x: %h | y: %h | z: %h", $time, v00000212df55c520_0, v00000212df5a5230_0, v00000212df5a52d0_0 {0 0 0};
    %pushi/vec4 0, 0, 1;
    %store/vec4 v00000212df55c520_0, 0, 1;
    %pushi/vec4 0, 0, 1;
    %store/vec4 v00000212df5a5230_0, 0, 1;
    %delay 5, 0;
    %pushi/vec4 1, 0, 1;
    %store/vec4 v00000212df55c520_0, 0, 1;
    %pushi/vec4 0, 0, 1;
    %store/vec4 v00000212df5a5230_0, 0, 1;
    %delay 5, 0;
    %pushi/vec4 0, 0, 1;
    %store/vec4 v00000212df55c520_0, 0, 1;
    %pushi/vec4 1, 0, 1;
    %store/vec4 v00000212df5a5230_0, 0, 1;
    %delay 5, 0;
    %pushi/vec4 1, 0, 1;
    %store/vec4 v00000212df55c520_0, 0, 1;
    %pushi/vec4 1, 0, 1;
    %store/vec4 v00000212df5a5230_0, 0, 1;
    %delay 10, 0;
    %vpi_call/w 3 37 "$finish", 32'sb00000000000000000000000000000010 {0 0 0};
    %end;
    .thread T_1;
# The file index is used to find the file name in the following table.
:file_names 5;
    "N/A";
    "<interactive>";
    "-";
    "tb_XOR.v";
    "XOR.v";
