#! /c/Source/iverilog-install/bin/vvp
:ivl_version "12.0 (devel)" "(s20150603-1539-g2693dd32b)";
:ivl_delay_selection "TYPICAL";
:vpi_time_precision + 0;
:vpi_module "C:\iverilog\lib\ivl\system.vpi";
:vpi_module "C:\iverilog\lib\ivl\vhdl_sys.vpi";
:vpi_module "C:\iverilog\lib\ivl\vhdl_textio.vpi";
:vpi_module "C:\iverilog\lib\ivl\v2005_math.vpi";
:vpi_module "C:\iverilog\lib\ivl\va_math.vpi";
:vpi_module "C:\iverilog\lib\ivl\v2009.vpi";
S_0000020b7eda59e0 .scope package, "$unit" "$unit" 2 1;
 .timescale 0 0;
S_0000020b7eda5b70 .scope module, "tb_dec" "tb_dec" 3 1;
 .timescale 0 0;
v0000020b7ed72f50_0 .var "en", 0 0;
v0000020b7ed72ff0_0 .var "in", 1 0;
v0000020b7ed73090_0 .net "out", 3 0, v0000020b7ed72eb0_0;  1 drivers
S_0000020b7ed72d20 .scope module, "decoder" "dec" 3 7, 4 1 0, S_0000020b7eda5b70;
 .timescale 0 0;
    .port_info 0 /INPUT 2 "in";
    .port_info 1 /INPUT 1 "en";
    .port_info 2 /OUTPUT 4 "out";
v0000020b7eebb8d0_0 .net "en", 0 0, v0000020b7ed72f50_0;  1 drivers
v0000020b7eebb2a0_0 .net "in", 1 0, v0000020b7ed72ff0_0;  1 drivers
v0000020b7ed72eb0_0 .var "out", 3 0;
E_0000020b7eebc750 .event anyedge, v0000020b7eebb8d0_0, v0000020b7eebb2a0_0;
    .scope S_0000020b7ed72d20;
T_0 ;
    %wait E_0000020b7eebc750;
    %load/vec4 v0000020b7eebb8d0_0;
    %cmpi/e 0, 0, 1;
    %jmp/0xz  T_0.0, 4;
    %pushi/vec4 0, 0, 4;
    %assign/vec4 v0000020b7ed72eb0_0, 0;
    %jmp T_0.1;
T_0.0 ;
    %pushi/vec4 2, 0, 32;
    %load/vec4 v0000020b7eebb2a0_0;
    %pow;
    %pad/s 4;
    %assign/vec4 v0000020b7ed72eb0_0, 0;
T_0.1 ;
    %jmp T_0;
    .thread T_0, $push;
    .scope S_0000020b7eda5b70;
T_1 ;
    %vpi_call/w 3 10 "$dumpfile", "tb_dec.vcd" {0 0 0};
    %vpi_call/w 3 11 "$dumpvars", 32'sb00000000000000000000000000000000, S_0000020b7eda5b70 {0 0 0};
    %end;
    .thread T_1;
    .scope S_0000020b7eda5b70;
T_2 ;
    %vpi_call/w 3 15 "$monitor", "Time: %0t | in: %b | en: %h | out: %b", $time, v0000020b7ed72ff0_0, v0000020b7ed72f50_0, v0000020b7ed73090_0 {0 0 0};
    %pushi/vec4 0, 0, 2;
    %store/vec4 v0000020b7ed72ff0_0, 0, 2;
    %pushi/vec4 0, 0, 1;
    %store/vec4 v0000020b7ed72f50_0, 0, 1;
    %delay 2, 0;
    %pushi/vec4 1, 0, 2;
    %store/vec4 v0000020b7ed72ff0_0, 0, 2;
    %pushi/vec4 0, 0, 1;
    %store/vec4 v0000020b7ed72f50_0, 0, 1;
    %delay 2, 0;
    %pushi/vec4 1, 0, 2;
    %store/vec4 v0000020b7ed72ff0_0, 0, 2;
    %pushi/vec4 1, 0, 1;
    %store/vec4 v0000020b7ed72f50_0, 0, 1;
    %delay 2, 0;
    %pushi/vec4 3, 0, 2;
    %store/vec4 v0000020b7ed72ff0_0, 0, 2;
    %pushi/vec4 1, 0, 1;
    %store/vec4 v0000020b7ed72f50_0, 0, 1;
    %delay 8, 0;
    %vpi_call/w 3 38 "$finish", 32'sb00000000000000000000000000000010 {0 0 0};
    %end;
    .thread T_2;
# The file index is used to find the file name in the following table.
:file_names 5;
    "N/A";
    "<interactive>";
    "-";
    "tb_dec.v";
    "dec.v";
