#! /c/Source/iverilog-install/bin/vvp
:ivl_version "12.0 (devel)" "(s20150603-1539-g2693dd32b)";
:ivl_delay_selection "TYPICAL";
:vpi_time_precision + 0;
:vpi_module "C:\iverilog\lib\ivl\system.vpi";
:vpi_module "C:\iverilog\lib\ivl\vhdl_sys.vpi";
:vpi_module "C:\iverilog\lib\ivl\vhdl_textio.vpi";
:vpi_module "C:\iverilog\lib\ivl\v2005_math.vpi";
:vpi_module "C:\iverilog\lib\ivl\va_math.vpi";
:vpi_module "C:\iverilog\lib\ivl\v2009.vpi";
S_0000017fd20050a0 .scope package, "$unit" "$unit" 2 1;
 .timescale 0 0;
S_0000017fd2005230 .scope module, "tb_func" "tb_func" 3 1;
 .timescale 0 0;
v0000017fd1d9c470_0 .net "f", 0 0, L_0000017fd1fd3860;  1 drivers
v0000017fd1d9c510_0 .var "x", 0 0;
v0000017fd1fd2eb0_0 .var "y", 0 0;
v0000017fd1fd2f50_0 .var "z", 0 0;
S_0000017fd1fd2d20 .scope module, "functionf" "func" 3 6, 4 1 0, S_0000017fd2005230;
 .timescale 0 0;
    .port_info 0 /OUTPUT 1 "f";
    .port_info 1 /INPUT 1 "x";
    .port_info 2 /INPUT 1 "y";
    .port_info 3 /INPUT 1 "z";
L_0000017fd1fd35a0 .functor AND 1, v0000017fd1d9c510_0, v0000017fd1fd2eb0_0, C4<1>, C4<1>;
L_0000017fd1fd3700 .functor NOT 1, v0000017fd1fd2f50_0, C4<0>, C4<0>, C4<0>;
L_0000017fd1fd3860 .functor OR 1, L_0000017fd1fd35a0, L_0000017fd1fd3700, C4<0>, C4<0>;
v0000017fd1d9a250_0 .net *"_ivl_0", 0 0, L_0000017fd1fd35a0;  1 drivers
v0000017fd1d9a8c0_0 .net *"_ivl_2", 0 0, L_0000017fd1fd3700;  1 drivers
v0000017fd20053c0_0 .net "f", 0 0, L_0000017fd1fd3860;  alias, 1 drivers
v0000017fd2005460_0 .net "x", 0 0, v0000017fd1d9c510_0;  1 drivers
v0000017fd1d9c330_0 .net "y", 0 0, v0000017fd1fd2eb0_0;  1 drivers
v0000017fd1d9c3d0_0 .net "z", 0 0, v0000017fd1fd2f50_0;  1 drivers
    .scope S_0000017fd2005230;
T_0 ;
    %vpi_call/w 3 9 "$dumpfile", "tb_func.vcd" {0 0 0};
    %vpi_call/w 3 10 "$dumpvars", 32'sb00000000000000000000000000000000, S_0000017fd2005230 {0 0 0};
    %end;
    .thread T_0;
    .scope S_0000017fd2005230;
T_1 ;
    %vpi_call/w 3 14 "$monitor", "Time: %0t | x: %h | y: %h | z: %h | f: %h", $time, v0000017fd1d9c510_0, v0000017fd1fd2eb0_0, v0000017fd1fd2f50_0, v0000017fd1d9c470_0 {0 0 0};
    %pushi/vec4 0, 0, 1;
    %store/vec4 v0000017fd1d9c510_0, 0, 1;
    %pushi/vec4 0, 0, 1;
    %store/vec4 v0000017fd1fd2eb0_0, 0, 1;
    %pushi/vec4 0, 0, 1;
    %store/vec4 v0000017fd1fd2f50_0, 0, 1;
    %delay 2, 0;
    %pushi/vec4 0, 0, 1;
    %store/vec4 v0000017fd1d9c510_0, 0, 1;
    %pushi/vec4 0, 0, 1;
    %store/vec4 v0000017fd1fd2eb0_0, 0, 1;
    %pushi/vec4 1, 0, 1;
    %store/vec4 v0000017fd1fd2f50_0, 0, 1;
    %delay 2, 0;
    %pushi/vec4 0, 0, 1;
    %store/vec4 v0000017fd1d9c510_0, 0, 1;
    %pushi/vec4 1, 0, 1;
    %store/vec4 v0000017fd1fd2eb0_0, 0, 1;
    %pushi/vec4 0, 0, 1;
    %store/vec4 v0000017fd1fd2f50_0, 0, 1;
    %delay 2, 0;
    %pushi/vec4 0, 0, 1;
    %store/vec4 v0000017fd1d9c510_0, 0, 1;
    %pushi/vec4 1, 0, 1;
    %store/vec4 v0000017fd1fd2eb0_0, 0, 1;
    %pushi/vec4 1, 0, 1;
    %store/vec4 v0000017fd1fd2f50_0, 0, 1;
    %delay 2, 0;
    %pushi/vec4 1, 0, 1;
    %store/vec4 v0000017fd1d9c510_0, 0, 1;
    %pushi/vec4 0, 0, 1;
    %store/vec4 v0000017fd1fd2eb0_0, 0, 1;
    %pushi/vec4 0, 0, 1;
    %store/vec4 v0000017fd1fd2f50_0, 0, 1;
    %delay 2, 0;
    %pushi/vec4 1, 0, 1;
    %store/vec4 v0000017fd1d9c510_0, 0, 1;
    %pushi/vec4 0, 0, 1;
    %store/vec4 v0000017fd1fd2eb0_0, 0, 1;
    %pushi/vec4 1, 0, 1;
    %store/vec4 v0000017fd1fd2f50_0, 0, 1;
    %delay 2, 0;
    %pushi/vec4 1, 0, 1;
    %store/vec4 v0000017fd1d9c510_0, 0, 1;
    %pushi/vec4 1, 0, 1;
    %store/vec4 v0000017fd1fd2eb0_0, 0, 1;
    %pushi/vec4 0, 0, 1;
    %store/vec4 v0000017fd1fd2f50_0, 0, 1;
    %delay 2, 0;
    %pushi/vec4 1, 0, 1;
    %store/vec4 v0000017fd1d9c510_0, 0, 1;
    %pushi/vec4 1, 0, 1;
    %store/vec4 v0000017fd1fd2eb0_0, 0, 1;
    %pushi/vec4 1, 0, 1;
    %store/vec4 v0000017fd1fd2f50_0, 0, 1;
    %delay 2, 0;
    %vpi_call/w 3 65 "$finish", 32'sb00000000000000000000000000000010 {0 0 0};
    %end;
    .thread T_1;
# The file index is used to find the file name in the following table.
:file_names 5;
    "N/A";
    "<interactive>";
    "-";
    "tb_func.v";
    "func.v";
